# JRE version: OpenJDK Runtime Environment Temurin-21.0.7+6 (21.0.7+6) (build 21.0.7+6-LTS)
# Java VM: OpenJDK 64-Bit Server VM Temurin-21.0.7+6 (21.0.7+6-LTS, mixed mode, sharing, tiered, compressed oops, compressed class ptrs, parallel gc, windows-amd64)
GC Precious Log:
 CardTable entry size: 512
 CPUs: 16 total, 16 available
 Memory: 7418M
 Large Page Support: Disabled
 NUMA Support: Disabled
 Compressed Oops: Enabled (32-bit)
 Alignments: Space 512K, Generation 512K, Heap 2M
 Heap Min Capacity: 100M
 Heap Initial Capacity: 100M
 Heap Max Capacity: 2G
 Pre-touch: Disabled
 Parallel Workers: 13
Heap:
 PSYoungGen      total 7680K, used 6845K [0x00000000d5580000, 0x00000000d5e00000, 0x0000000100000000)
  eden space 6656K, 88% used [0x00000000d5580000,0x00000000d5b47428,0x00000000d5c00000)
  from space 1024K, 90% used [0x00000000d5d00000,0x00000000d5de8000,0x00000000d5e00000)
  to   space 1024K, 0% used [0x00000000d5c00000,0x00000000d5c00000,0x00000000d5d00000)
 ParOldGen       total 1171968K, used 733824K [0x0000000080000000, 0x00000000c7880000, 0x00000000d5580000)
  object space 1171968K, 62% used [0x0000000080000000,0x00000000acca01f0,0x00000000c7880000)
 Metaspace       used 95012K, committed 96704K, reserved 1179648K
  class space    used 9427K, committed 10176K, reserved 1048576K
GC Heap History (20 events):
Event: 90065.678 GC heap before
{Heap before GC invocations=2906 (full 5):
 PSYoungGen      total 8192K, used 7930K [0x00000000d5580000, 0x00000000d5f00000, 0x0000000100000000)
  eden space 7168K, 100% used [0x00000000d5580000,0x00000000d5c80000,0x00000000d5c80000)
  from space 1024K, 74% used [0x00000000d5e00000,0x00000000d5ebe900,0x00000000d5f00000)
  to   space 1024K, 0% used [0x00000000d5c80000,0x00000000d5c80000,0x00000000d5d80000)
 ParOldGen       total 1171968K, used 727336K [0x0000000080000000, 0x00000000c7880000, 0x00000000d5580000)
  object space 1171968K, 62% used [0x0000000080000000,0x00000000ac64a3b0,0x00000000c7880000)
 Metaspace       used 94992K, committed 96704K, reserved 1179648K
  class space    used 9427K, committed 10176K, reserved 1048576K
}
Event: 90065.683 GC heap after
{Heap after GC invocations=2906 (full 5):
 PSYoungGen      total 8192K, used 768K [0x00000000d5580000, 0x00000000d5e80000, 0x0000000100000000)
  eden space 7168K, 0% used [0x00000000d5580000,0x00000000d5580000,0x00000000d5c80000)
  from space 1024K, 75% used [0x00000000d5c80000,0x00000000d5d40000,0x00000000d5d80000)
  to   space 1024K, 0% used [0x00000000d5d80000,0x00000000d5d80000,0x00000000d5e80000)
 ParOldGen       total 1171968K, used 727970K [0x0000000080000000, 0x00000000c7880000, 0x00000000d5580000)
  object space 1171968K, 62% used [0x0000000080000000,0x00000000ac6e8850,0x00000000c7880000)
 Metaspace       used 94992K, committed 96704K, reserved 1179648K
  class space    used 9427K, committed 10176K, reserved 1048576K
}
Event: 90065.746 GC heap before
{Heap before GC invocations=2907 (full 5):
 PSYoungGen      total 8192K, used 7936K [0x00000000d5580000, 0x00000000d5e80000, 0x0000000100000000)
  eden space 7168K, 100% used [0x00000000d5580000,0x00000000d5c80000,0x00000000d5c80000)
  from space 1024K, 75% used [0x00000000d5c80000,0x00000000d5d40000,0x00000000d5d80000)
  to   space 1024K, 0% used [0x00000000d5d80000,0x00000000d5d80000,0x00000000d5e80000)
 ParOldGen       total 1171968K, used 727970K [0x0000000080000000, 0x00000000c7880000, 0x00000000d5580000)
  object space 1171968K, 62% used [0x0000000080000000,0x00000000ac6e8850,0x00000000c7880000)
 Metaspace       used 94992K, committed 96704K, reserved 1179648K
  class space    used 9427K, committed 10176K, reserved 1048576K
}
Event: 90065.752 GC heap after
{Heap after GC invocations=2907 (full 5):
 PSYoungGen      total 7680K, used 992K [0x00000000d5580000, 0x00000000d5f80000, 0x0000000100000000)
  eden space 6656K, 0% used [0x00000000d5580000,0x00000000d5580000,0x00000000d5c00000)
  from space 1024K, 96% used [0x00000000d5d80000,0x00000000d5e78000,0x00000000d5e80000)
  to   space 1536K, 0% used [0x00000000d5c00000,0x00000000d5c00000,0x00000000d5d80000)
 ParOldGen       total 1171968K, used 728494K [0x0000000080000000, 0x00000000c7880000, 0x00000000d5580000)
  object space 1171968K, 62% used [0x0000000080000000,0x00000000ac76b880,0x00000000c7880000)
 Metaspace       used 94992K, committed 96704K, reserved 1179648K
  class space    used 9427K, committed 10176K, reserved 1048576K
}
Event: 90066.965 GC heap before
{Heap before GC invocations=2908 (full 5):
 PSYoungGen      total 7680K, used 7648K [0x00000000d5580000, 0x00000000d5f80000, 0x0000000100000000)
  eden space 6656K, 100% used [0x00000000d5580000,0x00000000d5c00000,0x00000000d5c00000)
  from space 1024K, 96% used [0x00000000d5d80000,0x00000000d5e78000,0x00000000d5e80000)
  to   space 1536K, 0% used [0x00000000d5c00000,0x00000000d5c00000,0x00000000d5d80000)
 ParOldGen       total 1171968K, used 728494K [0x0000000080000000, 0x00000000c7880000, 0x00000000d5580000)
  object space 1171968K, 62% used [0x0000000080000000,0x00000000ac76b880,0x00000000c7880000)
 Metaspace       used 95003K, committed 96704K, reserved 1179648K
  class space    used 9427K, committed 10176K, reserved 1048576K
}
Event: 90066.972 GC heap after
{Heap after GC invocations=2908 (full 5):
 PSYoungGen      total 7680K, used 928K [0x00000000d5580000, 0x00000000d5e00000, 0x0000000100000000)
  eden space 6656K, 0% used [0x00000000d5580000,0x00000000d5580000,0x00000000d5c00000)
  from space 1024K, 90% used [0x00000000d5c00000,0x00000000d5ce8000,0x00000000d5d00000)
  to   space 1024K, 0% used [0x00000000d5d00000,0x00000000d5d00000,0x00000000d5e00000)
 ParOldGen       total 1171968K, used 729332K [0x0000000080000000, 0x00000000c7880000, 0x00000000d5580000)
  object space 1171968K, 62% used [0x0000000080000000,0x00000000ac83d008,0x00000000c7880000)
 Metaspace       used 95003K, committed 96704K, reserved 1179648K
  class space    used 9427K, committed 10176K, reserved 1048576K
}
Event: 90067.012 GC heap before
{Heap before GC invocations=2909 (full 5):
 PSYoungGen      total 7680K, used 7584K [0x00000000d5580000, 0x00000000d5e00000, 0x0000000100000000)
  eden space 6656K, 100% used [0x00000000d5580000,0x00000000d5c00000,0x00000000d5c00000)
  from space 1024K, 90% used [0x00000000d5c00000,0x00000000d5ce8000,0x00000000d5d00000)
  to   space 1024K, 0% used [0x00000000d5d00000,0x00000000d5d00000,0x00000000d5e00000)
 ParOldGen       total 1171968K, used 729332K [0x0000000080000000, 0x00000000c7880000, 0x00000000d5580000)
  object space 1171968K, 62% used [0x0000000080000000,0x00000000ac83d008,0x00000000c7880000)
 Metaspace       used 95005K, committed 96704K, reserved 1179648K
  class space    used 9427K, committed 10176K, reserved 1048576K
}
Event: 90067.016 GC heap after
{Heap after GC invocations=2909 (full 5):
 PSYoungGen      total 7680K, used 852K [0x00000000d5580000, 0x00000000d5e00000, 0x0000000100000000)
  eden space 6656K, 0% used [0x00000000d5580000,0x00000000d5580000,0x00000000d5c00000)
  from space 1024K, 83% used [0x00000000d5d00000,0x00000000d5dd5200,0x00000000d5e00000)
  to   space 1024K, 0% used [0x00000000d5c00000,0x00000000d5c00000,0x00000000d5d00000)
 ParOldGen       total 1171968K, used 730030K [0x0000000080000000, 0x00000000c7880000, 0x00000000d5580000)
  object space 1171968K, 62% used [0x0000000080000000,0x00000000ac8ebae0,0x00000000c7880000)
 Metaspace       used 95005K, committed 96704K, reserved 1179648K
  class space    used 9427K, committed 10176K, reserved 1048576K
}
Event: 90067.024 GC heap before
{Heap before GC invocations=2910 (full 5):
 PSYoungGen      total 7680K, used 7508K [0x00000000d5580000, 0x00000000d5e00000, 0x0000000100000000)
  eden space 6656K, 100% used [0x00000000d5580000,0x00000000d5c00000,0x00000000d5c00000)
  from space 1024K, 83% used [0x00000000d5d00000,0x00000000d5dd5200,0x00000000d5e00000)
  to   space 1024K, 0% used [0x00000000d5c00000,0x00000000d5c00000,0x00000000d5d00000)
 ParOldGen       total 1171968K, used 730030K [0x0000000080000000, 0x00000000c7880000, 0x00000000d5580000)
  object space 1171968K, 62% used [0x0000000080000000,0x00000000ac8ebae0,0x00000000c7880000)
 Metaspace       used 95005K, committed 96704K, reserved 1179648K
  class space    used 9427K, committed 10176K, reserved 1048576K
}
Event: 90067.028 GC heap after
{Heap after GC invocations=2910 (full 5):
 PSYoungGen      total 7680K, used 640K [0x00000000d5580000, 0x00000000d5e00000, 0x0000000100000000)
  eden space 6656K, 0% used [0x00000000d5580000,0x00000000d5580000,0x00000000d5c00000)
  from space 1024K, 62% used [0x00000000d5c00000,0x00000000d5ca0000,0x00000000d5d00000)
  to   space 1024K, 0% used [0x00000000d5d00000,0x00000000d5d00000,0x00000000d5e00000)
 ParOldGen       total 1171968K, used 730663K [0x0000000080000000, 0x00000000c7880000, 0x00000000d5580000)
  object space 1171968K, 62% used [0x0000000080000000,0x00000000ac989d00,0x00000000c7880000)
 Metaspace       used 95005K, committed 96704K, reserved 1179648K
  class space    used 9427K, committed 10176K, reserved 1048576K
}
Event: 90067.048 GC heap before
{Heap before GC invocations=2911 (full 5):
 PSYoungGen      total 7680K, used 7296K [0x00000000d5580000, 0x00000000d5e00000, 0x0000000100000000)
  eden space 6656K, 100% used [0x00000000d5580000,0x00000000d5c00000,0x00000000d5c00000)
  from space 1024K, 62% used [0x00000000d5c00000,0x00000000d5ca0000,0x00000000d5d00000)
  to   space 1024K, 0% used [0x00000000d5d00000,0x00000000d5d00000,0x00000000d5e00000)
 ParOldGen       total 1171968K, used 730663K [0x0000000080000000, 0x00000000c7880000, 0x00000000d5580000)
  object space 1171968K, 62% used [0x0000000080000000,0x00000000ac989d00,0x00000000c7880000)
 Metaspace       used 95005K, committed 96704K, reserved 1179648K
  class space    used 9427K, committed 10176K, reserved 1048576K
}
Event: 90067.052 GC heap after
{Heap after GC invocations=2911 (full 5):
 PSYoungGen      total 7680K, used 960K [0x00000000d5580000, 0x00000000d5e00000, 0x0000000100000000)
  eden space 6656K, 0% used [0x00000000d5580000,0x00000000d5580000,0x00000000d5c00000)
  from space 1024K, 93% used [0x00000000d5d00000,0x00000000d5df0000,0x00000000d5e00000)
  to   space 1024K, 0% used [0x00000000d5c00000,0x00000000d5c00000,0x00000000d5d00000)
 ParOldGen       total 1171968K, used 731171K [0x0000000080000000, 0x00000000c7880000, 0x00000000d5580000)
  object space 1171968K, 62% used [0x0000000080000000,0x00000000aca08d30,0x00000000c7880000)
 Metaspace       used 95005K, committed 96704K, reserved 1179648K
  class space    used 9427K, committed 10176K, reserved 1048576K
}
Event: 90119.180 GC heap before
{Heap before GC invocations=2912 (full 5):
 PSYoungGen      total 7680K, used 7615K [0x00000000d5580000, 0x00000000d5e00000, 0x0000000100000000)
  eden space 6656K, 99% used [0x00000000d5580000,0x00000000d5bffda8,0x00000000d5c00000)
  from space 1024K, 93% used [0x00000000d5d00000,0x00000000d5df0000,0x00000000d5e00000)
  to   space 1024K, 0% used [0x00000000d5c00000,0x00000000d5c00000,0x00000000d5d00000)
 ParOldGen       total 1171968K, used 731171K [0x0000000080000000, 0x00000000c7880000, 0x00000000d5580000)
  object space 1171968K, 62% used [0x0000000080000000,0x00000000aca08d30,0x00000000c7880000)
 Metaspace       used 95010K, committed 96704K, reserved 1179648K
  class space    used 9427K, committed 10176K, reserved 1048576K
}
Event: 90119.432 GC heap after
{Heap after GC invocations=2912 (full 5):
 PSYoungGen      total 7680K, used 832K [0x00000000d5580000, 0x00000000d5e00000, 0x0000000100000000)
  eden space 6656K, 0% used [0x00000000d5580000,0x00000000d5580000,0x00000000d5c00000)
  from space 1024K, 81% used [0x00000000d5c00000,0x00000000d5cd0000,0x00000000d5d00000)
  to   space 1024K, 0% used [0x00000000d5d00000,0x00000000d5d00000,0x00000000d5e00000)
 ParOldGen       total 1171968K, used 731957K [0x0000000080000000, 0x00000000c7880000, 0x00000000d5580000)
  object space 1171968K, 62% used [0x0000000080000000,0x00000000acacd4a8,0x00000000c7880000)
 Metaspace       used 95010K, committed 96704K, reserved 1179648K
  class space    used 9427K, committed 10176K, reserved 1048576K
}
Event: 90119.648 GC heap before
{Heap before GC invocations=2913 (full 5):
 PSYoungGen      total 7680K, used 7488K [0x00000000d5580000, 0x00000000d5e00000, 0x0000000100000000)
  eden space 6656K, 100% used [0x00000000d5580000,0x00000000d5c00000,0x00000000d5c00000)
  from space 1024K, 81% used [0x00000000d5c00000,0x00000000d5cd0000,0x00000000d5d00000)
  to   space 1024K, 0% used [0x00000000d5d00000,0x00000000d5d00000,0x00000000d5e00000)
 ParOldGen       total 1171968K, used 731957K [0x0000000080000000, 0x00000000c7880000, 0x00000000d5580000)
  object space 1171968K, 62% used [0x0000000080000000,0x00000000acacd4a8,0x00000000c7880000)
 Metaspace       used 95010K, committed 96704K, reserved 1179648K
  class space    used 9427K, committed 10176K, reserved 1048576K
}
Event: 90119.652 GC heap after
{Heap after GC invocations=2913 (full 5):
 PSYoungGen      total 7680K, used 762K [0x00000000d5580000, 0x00000000d5e00000, 0x0000000100000000)
  eden space 6656K, 0% used [0x00000000d5580000,0x00000000d5580000,0x00000000d5c00000)
  from space 1024K, 74% used [0x00000000d5d00000,0x00000000d5dbe900,0x00000000d5e00000)
  to   space 1024K, 0% used [0x00000000d5c00000,0x00000000d5c00000,0x00000000d5d00000)
 ParOldGen       total 1171968K, used 732699K [0x0000000080000000, 0x00000000c7880000, 0x00000000d5580000)
  object space 1171968K, 62% used [0x0000000080000000,0x00000000acb86fa0,0x00000000c7880000)
 Metaspace       used 95010K, committed 96704K, reserved 1179648K
  class space    used 9427K, committed 10176K, reserved 1048576K
}
Event: 90119.699 GC heap before
{Heap before GC invocations=2914 (full 5):
 PSYoungGen      total 7680K, used 7418K [0x00000000d5580000, 0x00000000d5e00000, 0x0000000100000000)
  eden space 6656K, 100% used [0x00000000d5580000,0x00000000d5c00000,0x00000000d5c00000)
  from space 1024K, 74% used [0x00000000d5d00000,0x00000000d5dbe900,0x00000000d5e00000)
  to   space 1024K, 0% used [0x00000000d5c00000,0x00000000d5c00000,0x00000000d5d00000)
 ParOldGen       total 1171968K, used 732699K [0x0000000080000000, 0x00000000c7880000, 0x00000000d5580000)
  object space 1171968K, 62% used [0x0000000080000000,0x00000000acb86fa0,0x00000000c7880000)
 Metaspace       used 95010K, committed 96704K, reserved 1179648K
  class space    used 9427K, committed 10176K, reserved 1048576K
}
Event: 90119.702 GC heap after
{Heap after GC invocations=2914 (full 5):
 PSYoungGen      total 7680K, used 704K [0x00000000d5580000, 0x00000000d5e00000, 0x0000000100000000)
  eden space 6656K, 0% used [0x00000000d5580000,0x00000000d5580000,0x00000000d5c00000)
  from space 1024K, 68% used [0x00000000d5c00000,0x00000000d5cb0000,0x00000000d5d00000)
  to   space 1024K, 0% used [0x00000000d5d00000,0x00000000d5d00000,0x00000000d5e00000)
 ParOldGen       total 1171968K, used 733332K [0x0000000080000000, 0x00000000c7880000, 0x00000000d5580000)
  object space 1171968K, 62% used [0x0000000080000000,0x00000000acc251c0,0x00000000c7880000)
 Metaspace       used 95010K, committed 96704K, reserved 1179648K
  class space    used 9427K, committed 10176K, reserved 1048576K
}
Event: 90119.944 GC heap before
{Heap before GC invocations=2915 (full 5):
 PSYoungGen      total 7680K, used 7360K [0x00000000d5580000, 0x00000000d5e00000, 0x0000000100000000)
  eden space 6656K, 100% used [0x00000000d5580000,0x00000000d5c00000,0x00000000d5c00000)
  from space 1024K, 68% used [0x00000000d5c00000,0x00000000d5cb0000,0x00000000d5d00000)
  to   space 1024K, 0% used [0x00000000d5d00000,0x00000000d5d00000,0x00000000d5e00000)
 ParOldGen       total 1171968K, used 733332K [0x0000000080000000, 0x00000000c7880000, 0x00000000d5580000)
  object space 1171968K, 62% used [0x0000000080000000,0x00000000acc251c0,0x00000000c7880000)
 Metaspace       used 95011K, committed 96704K, reserved 1179648K
  class space    used 9427K, committed 10176K, reserved 1048576K
}
Event: 90119.950 GC heap after
{Heap after GC invocations=2915 (full 5):
 PSYoungGen      total 7680K, used 928K [0x00000000d5580000, 0x00000000d5e00000, 0x0000000100000000)
  eden space 6656K, 0% used [0x00000000d5580000,0x00000000d5580000,0x00000000d5c00000)
  from space 1024K, 90% used [0x00000000d5d00000,0x00000000d5de8000,0x00000000d5e00000)
  to   space 1024K, 0% used [0x00000000d5c00000,0x00000000d5c00000,0x00000000d5d00000)
 ParOldGen       total 1171968K, used 733824K [0x0000000080000000, 0x00000000c7880000, 0x00000000d5580000)
  object space 1171968K, 62% used [0x0000000080000000,0x00000000acca01f0,0x00000000c7880000)
 Metaspace       used 95011K, committed 96704K, reserved 1179648K
  class space    used 9427K, committed 10176K, reserved 1048576K
}

